# JRE version: Java(TM) SE Runtime Environment (8.0_281-b09) (build 1.8.0_281-b09)
# Java VM: Java HotSpot(TM) 64-Bit Server VM (25.281-b09 mixed mode windows-amd64 compressed oops)
Heap:
 PSYoungGen      total 300032K, used 116063K [0x00000000d6300000, 0x00000000ea580000, 0x0000000100000000)
  eden space 295424K, 39% used [0x00000000d6300000,0x00000000dd457d80,0x00000000e8380000)
  from space 4608K, 0% used [0x00000000e8b80000,0x00000000e8b80000,0x00000000e9000000)
  to   space 17408K, 0% used [0x00000000e9480000,0x00000000e9480000,0x00000000ea580000)
 ParOldGen       total 74240K, used 22270K [0x0000000082800000, 0x0000000087080000, 0x00000000d6300000)
  object space 74240K, 29% used [0x0000000082800000,0x0000000083dbf9c0,0x0000000087080000)
 Metaspace       used 55558K, capacity 59186K, committed 59416K, reserved 1099776K
  class space    used 7664K, capacity 8291K, committed 8360K, reserved 1048576K
GC Heap History (10 events):
Event: 9.440 GC heap before
{Heap before GC invocations=10 (full 1):
 PSYoungGen      total 230912K, used 27861K [0x00000000d6300000, 0x00000000e5300000, 0x0000000100000000)
  eden space 220160K, 8% used [0x00000000d6300000,0x00000000d74a6130,0x00000000e3a00000)
  from space 10752K, 91% used [0x00000000e4880000,0x00000000e520f660,0x00000000e5300000)
  to   space 12800K, 0% used [0x00000000e3a00000,0x00000000e3a00000,0x00000000e4680000)
 ParOldGen       total 51200K, used 9207K [0x0000000082800000, 0x0000000085a00000, 0x00000000d6300000)
  object space 51200K, 17% used [0x0000000082800000,0x00000000830fde40,0x0000000085a00000)
 Metaspace       used 33427K, capacity 35474K, committed 35496K, reserved 1079296K
  class space    used 4629K, capacity 5011K, committed 5032K, reserved 1048576K
Event: 9.452 GC heap after
Heap after GC invocations=10 (full 1):
 PSYoungGen      total 232960K, used 7891K [0x00000000d6300000, 0x00000000ead80000, 0x0000000100000000)
  eden space 220160K, 0% used [0x00000000d6300000,0x00000000d6300000,0x00000000e3a00000)
  from space 12800K, 61% used [0x00000000e3a00000,0x00000000e41b4e90,0x00000000e4680000)
  to   space 12800K, 0% used [0x00000000ea100000,0x00000000ea100000,0x00000000ead80000)
 ParOldGen       total 51200K, used 9215K [0x0000000082800000, 0x0000000085a00000, 0x00000000d6300000)
  object space 51200K, 17% used [0x0000000082800000,0x00000000830ffe40,0x0000000085a00000)
 Metaspace       used 33427K, capacity 35474K, committed 35496K, reserved 1079296K
  class space    used 4629K, capacity 5011K, committed 5032K, reserved 1048576K
}
Event: 9.452 GC heap before
{Heap before GC invocations=11 (full 2):
 PSYoungGen      total 232960K, used 7891K [0x00000000d6300000, 0x00000000ead80000, 0x0000000100000000)
  eden space 220160K, 0% used [0x00000000d6300000,0x00000000d6300000,0x00000000e3a00000)
  from space 12800K, 61% used [0x00000000e3a00000,0x00000000e41b4e90,0x00000000e4680000)
  to   space 12800K, 0% used [0x00000000ea100000,0x00000000ea100000,0x00000000ead80000)
 ParOldGen       total 51200K, used 9215K [0x0000000082800000, 0x0000000085a00000, 0x00000000d6300000)
  object space 51200K, 17% used [0x0000000082800000,0x00000000830ffe40,0x0000000085a00000)
 Metaspace       used 33427K, capacity 35474K, committed 35496K, reserved 1079296K
  class space    used 4629K, capacity 5011K, committed 5032K, reserved 1048576K
Event: 9.541 GC heap after
Heap after GC invocations=11 (full 2):
 PSYoungGen      total 232960K, used 0K [0x00000000d6300000, 0x00000000ead80000, 0x0000000100000000)
  eden space 220160K, 0% used [0x00000000d6300000,0x00000000d6300000,0x00000000e3a00000)
  from space 12800K, 0% used [0x00000000e3a00000,0x00000000e3a00000,0x00000000e4680000)
  to   space 12800K, 0% used [0x00000000ea100000,0x00000000ea100000,0x00000000ead80000)
 ParOldGen       total 74240K, used 13034K [0x0000000082800000, 0x0000000087080000, 0x00000000d6300000)
  object space 74240K, 17% used [0x0000000082800000,0x00000000834ba970,0x0000000087080000)
 Metaspace       used 33427K, capacity 35474K, committed 35496K, reserved 1079296K
  class space    used 4629K, capacity 5011K, committed 5032K, reserved 1048576K
}
Event: 14.200 GC heap before
{Heap before GC invocations=12 (full 2):
 PSYoungGen      total 232960K, used 220160K [0x00000000d6300000, 0x00000000ead80000, 0x0000000100000000)
  eden space 220160K, 100% used [0x00000000d6300000,0x00000000e3a00000,0x00000000e3a00000)
  from space 12800K, 0% used [0x00000000e3a00000,0x00000000e3a00000,0x00000000e4680000)
  to   space 12800K, 0% used [0x00000000ea100000,0x00000000ea100000,0x00000000ead80000)
 ParOldGen       total 74240K, used 13034K [0x0000000082800000, 0x0000000087080000, 0x00000000d6300000)
  object space 74240K, 17% used [0x0000000082800000,0x00000000834ba970,0x0000000087080000)
 Metaspace       used 51209K, capacity 54400K, committed 54568K, reserved 1095680K
  class space    used 7096K, capacity 7642K, committed 7720K, reserved 1048576K
Event: 14.237 GC heap after
Heap after GC invocations=12 (full 2):
 PSYoungGen      total 308224K, used 12773K [0x00000000d6300000, 0x00000000ead80000, 0x0000000100000000)
  eden space 295424K, 0% used [0x00000000d6300000,0x00000000d6300000,0x00000000e8380000)
  from space 12800K, 99% used [0x00000000ea100000,0x00000000ead79498,0x00000000ead80000)
  to   space 17408K, 0% used [0x00000000e8b80000,0x00000000e8b80000,0x00000000e9c80000)
 ParOldGen       total 74240K, used 22026K [0x0000000082800000, 0x0000000087080000, 0x00000000d6300000)
  object space 74240K, 29% used [0x0000000082800000,0x0000000083d82840,0x0000000087080000)
 Metaspace       used 51209K, capacity 54400K, committed 54568K, reserved 1095680K
  class space    used 7096K, capacity 7642K, committed 7720K, reserved 1048576K
}
Event: 130.426 GC heap before
{Heap before GC invocations=13 (full 2):
 PSYoungGen      total 308224K, used 103291K [0x00000000d6300000, 0x00000000ead80000, 0x0000000100000000)
  eden space 295424K, 30% used [0x00000000d6300000,0x00000000dbb657d8,0x00000000e8380000)
  from space 12800K, 99% used [0x00000000ea100000,0x00000000ead79498,0x00000000ead80000)
  to   space 17408K, 0% used [0x00000000e8b80000,0x00000000e8b80000,0x00000000e9c80000)
 ParOldGen       total 74240K, used 22026K [0x0000000082800000, 0x0000000087080000, 0x00000000d6300000)
  object space 74240K, 29% used [0x0000000082800000,0x0000000083d82840,0x0000000087080000)
 Metaspace       used 55511K, capacity 59058K, committed 59160K, reserved 1099776K
  class space    used 7658K, capacity 8282K, committed 8360K, reserved 1048576K
Event: 130.453 GC heap after
Heap after GC invocations=13 (full 2):
 PSYoungGen      total 300032K, used 4525K [0x00000000d6300000, 0x00000000ea580000, 0x0000000100000000)
  eden space 295424K, 0% used [0x00000000d6300000,0x00000000d6300000,0x00000000e8380000)
  from space 4608K, 98% used [0x00000000e8b80000,0x00000000e8feb4e8,0x00000000e9000000)
  to   space 17408K, 0% used [0x00000000e9480000,0x00000000e9480000,0x00000000ea580000)
 ParOldGen       total 74240K, used 30714K [0x0000000082800000, 0x0000000087080000, 0x00000000d6300000)
  object space 74240K, 41% used [0x0000000082800000,0x00000000845fe8c0,0x0000000087080000)
 Metaspace       used 55511K, capacity 59058K, committed 59160K, reserved 1099776K
  class space    used 7658K, capacity 8282K, committed 8360K, reserved 1048576K
}
Event: 130.453 GC heap before
{Heap before GC invocations=14 (full 3):
 PSYoungGen      total 300032K, used 4525K [0x00000000d6300000, 0x00000000ea580000, 0x0000000100000000)
  eden space 295424K, 0% used [0x00000000d6300000,0x00000000d6300000,0x00000000e8380000)
  from space 4608K, 98% used [0x00000000e8b80000,0x00000000e8feb4e8,0x00000000e9000000)
  to   space 17408K, 0% used [0x00000000e9480000,0x00000000e9480000,0x00000000ea580000)
 ParOldGen       total 74240K, used 30714K [0x0000000082800000, 0x0000000087080000, 0x00000000d6300000)
  object space 74240K, 41% used [0x0000000082800000,0x00000000845fe8c0,0x0000000087080000)
 Metaspace       used 55511K, capacity 59058K, committed 59160K, reserved 1099776K
  class space    used 7658K, capacity 8282K, committed 8360K, reserved 1048576K
Event: 130.673 GC heap after
Heap after GC invocations=14 (full 3):
 PSYoungGen      total 300032K, used 0K [0x00000000d6300000, 0x00000000ea580000, 0x0000000100000000)
  eden space 295424K, 0% used [0x00000000d6300000,0x00000000d6300000,0x00000000e8380000)
  from space 4608K, 0% used [0x00000000e8b80000,0x00000000e8b80000,0x00000000e9000000)
  to   space 17408K, 0% used [0x00000000e9480000,0x00000000e9480000,0x00000000ea580000)
 ParOldGen       total 74240K, used 22270K [0x0000000082800000, 0x0000000087080000, 0x00000000d6300000)
  object space 74240K, 29% used [0x0000000082800000,0x0000000083dbf9c0,0x0000000087080000)
 Metaspace       used 55511K, capacity 59058K, committed 59160K, reserved 1099776K
  class space    used 7658K, capacity 8282K, committed 8360K, reserved 1048576K
}

